c:\users\djh2t\projects\vr\htcviverawdata\samples\hellovr_opengl\debug\vc142.pdb
c:\users\djh2t\projects\vr\htcviverawdata\samples\hellovr_opengl\debug\vc142.idb
c:\users\djh2t\projects\vr\htcviverawdata\samples\hellovr_opengl\debug\hellovr_opengl_main.obj
c:\users\djh2t\projects\vr\htcviverawdata\samples\hellovr_opengl\debug\strtools.obj
c:\users\djh2t\projects\vr\htcviverawdata\samples\hellovr_opengl\debug\pathtools.obj
c:\users\djh2t\projects\vr\htcviverawdata\samples\hellovr_opengl\debug\matrices.obj
c:\users\djh2t\projects\vr\htcviverawdata\samples\hellovr_opengl\debug\lodepng.obj
c:\users\djh2t\projects\vr\htcviverawdata\samples\hellovr_opengl\debug\util.obj
c:\users\djh2t\projects\vr\htcviverawdata\samples\hellovr_opengl\debug\unix_socket.obj
c:\users\djh2t\projects\vr\htcviverawdata\samples\hellovr_opengl\debug\timeout.obj
c:\users\djh2t\projects\vr\htcviverawdata\samples\hellovr_opengl\debug\ssl_options.obj
c:\users\djh2t\projects\vr\htcviverawdata\samples\hellovr_opengl\debug\proxies.obj
c:\users\djh2t\projects\vr\htcviverawdata\samples\hellovr_opengl\debug\payload.obj
c:\users\djh2t\projects\vr\htcviverawdata\samples\hellovr_opengl\debug\parameters.obj
c:\users\djh2t\projects\vr\htcviverawdata\samples\hellovr_opengl\debug\multipart.obj
c:\users\djh2t\projects\vr\htcviverawdata\samples\hellovr_opengl\debug\digest.obj
c:\users\djh2t\projects\vr\htcviverawdata\samples\hellovr_opengl\debug\cprtypes.obj
c:\users\djh2t\projects\vr\htcviverawdata\samples\hellovr_opengl\debug\cookies.obj
c:\users\djh2t\projects\vr\htcviverawdata\samples\hellovr_opengl\debug\auth.obj
c:\users\djh2t\projects\vr\htcviverawdata\samples\hellovr_opengl\debug\error.obj
c:\users\djh2t\projects\vr\htcviverawdata\samples\hellovr_opengl\debug\session.obj
c:\users\djh2t\projects\vr\htcviverawdata\samples\bin\win32\hellovr_opengl.ilk
c:\users\djh2t\projects\vr\htcviverawdata\samples\bin\win32\hellovr_opengl.exe
c:\users\djh2t\projects\vr\htcviverawdata\samples\bin\win32\hellovr_opengl.pdb
c:\users\djh2t\projects\vr\htcviverawdata\samples\hellovr_opengl\debug\vc140.idb
c:\users\djh2t\projects\vr\htcviverawdata\samples\hellovr_opengl\debug\vc140.pdb
c:\users\djh2t\projects\vr\htcviverawdata\samples\hellovr_opengl\..\bin\win32\hellovr_opengl.exe
c:\users\djh2t\projects\vr\htcviverawdata\samples\hellovr_opengl\debug\hellovr_opengl.tlog\cl.command.1.tlog
c:\users\djh2t\projects\vr\htcviverawdata\samples\hellovr_opengl\debug\hellovr_opengl.tlog\cl.read.1.tlog
c:\users\djh2t\projects\vr\htcviverawdata\samples\hellovr_opengl\debug\hellovr_opengl.tlog\cl.write.1.tlog
c:\users\djh2t\projects\vr\htcviverawdata\samples\hellovr_opengl\debug\hellovr_opengl.tlog\link.command.1.tlog
c:\users\djh2t\projects\vr\htcviverawdata\samples\hellovr_opengl\debug\hellovr_opengl.tlog\link.delete.1.tlog
c:\users\djh2t\projects\vr\htcviverawdata\samples\hellovr_opengl\debug\hellovr_opengl.tlog\link.read.1.tlog
c:\users\djh2t\projects\vr\htcviverawdata\samples\hellovr_opengl\debug\hellovr_opengl.tlog\link.write.1.tlog
